<?xml version="1.0" encoding="UTF-8"?>
<testsuite xmlns:xsi="http://www.w3.org/2001/XMLSchema-instance" xsi:noNamespaceSchemaLocation="https://maven.apache.org/surefire/maven-surefire-plugin/xsd/surefire-test-report.xsd" name="ai.vespa.example.SimpleSearcherTestCase" time="0.314" tests="1" errors="0" skipped="0" failures="0">
  <properties>
    <property name="instance" value=""/>
    <property name="java.specification.version" value="17"/>
    <property name="sun.jnu.encoding" value="UTF-8"/>
    <property name="java.class.path" value="/Users/kinsho/workspace/vespa/news/app-6-recommendation-with-searchers/target/test-classes:/Users/kinsho/workspace/vespa/news/app-6-recommendation-with-searchers/target/classes:/Users/kinsho/.m2/repository/com/yahoo/vespa/cloud-tenant-cd/8.162.29/cloud-tenant-cd-8.162.29.jar:/Users/kinsho/.m2/repository/com/yahoo/vespa/hosted-api/8.162.29/hosted-api-8.162.29.jar:/Users/kinsho/.m2/repository/com/yahoo/vespa/config-provisioning/8.162.29/config-provisioning-8.162.29.jar:/Users/kinsho/.m2/repository/com/yahoo/vespa/tenant-cd-commons/8.162.29/tenant-cd-commons-8.162.29.jar:/Users/kinsho/.m2/repository/com/yahoo/vespa/vespa-feed-client/8.162.29/vespa-feed-client-8.162.29.jar:/Users/kinsho/.m2/repository/com/yahoo/vespa/annotations/8.162.29/annotations-8.162.29.jar:/Users/kinsho/.m2/repository/com/yahoo/vespa/container/8.162.29/container-8.162.29.jar:/Users/kinsho/.m2/repository/com/yahoo/vespa/container-dev/8.162.29/container-dev-8.162.29.jar:/Users/kinsho/.m2/repository/com/yahoo/vespa/jdisc_core/8.162.29/jdisc_core-8.162.29.jar:/Users/kinsho/.m2/repository/javax/xml/bind/jaxb-api/2.3.0/jaxb-api-2.3.0.jar:/Users/kinsho/.m2/repository/com/sun/xml/bind/jaxb-core/2.3.0/jaxb-core-2.3.0.jar:/Users/kinsho/.m2/repository/com/sun/xml/bind/jaxb-impl/2.3.0/jaxb-impl-2.3.0.jar:/Users/kinsho/.m2/repository/com/sun/activation/javax.activation/1.2.0/javax.activation-1.2.0.jar:/Users/kinsho/.m2/repository/aopalliance/aopalliance/1.0/aopalliance-1.0.jar:/Users/kinsho/.m2/repository/org/slf4j/slf4j-api/1.7.32/slf4j-api-1.7.32.jar:/Users/kinsho/.m2/repository/org/slf4j/jcl-over-slf4j/1.7.32/jcl-over-slf4j-1.7.32.jar:/Users/kinsho/.m2/repository/org/slf4j/log4j-over-slf4j/1.7.32/log4j-over-slf4j-1.7.32.jar:/Users/kinsho/.m2/repository/org/slf4j/slf4j-jdk14/1.7.32/slf4j-jdk14-1.7.32.jar:/Users/kinsho/.m2/repository/com/yahoo/vespa/vespalog/8.162.29/vespalog-8.162.29.jar:/Users/kinsho/.m2/repository/com/yahoo/vespa/config-lib/8.162.29/config-lib-8.162.29.jar:/Users/kinsho/.m2/repository/com/google/guava/guava/27.1-jre/guava-27.1-jre.jar:/Users/kinsho/.m2/repository/com/google/guava/failureaccess/1.0.1/failureaccess-1.0.1.jar:/Users/kinsho/.m2/repository/com/google/errorprone/error_prone_annotations/2.18.0/error_prone_annotations-2.18.0.jar:/Users/kinsho/.m2/repository/com/google/j2objc/j2objc-annotations/1.1/j2objc-annotations-1.1.jar:/Users/kinsho/.m2/repository/javax/servlet/javax.servlet-api/3.1.0/javax.servlet-api-3.1.0.jar:/Users/kinsho/.m2/repository/com/google/inject/guice/4.2.3/guice-4.2.3-no_aop.jar:/Users/kinsho/.m2/repository/commons-logging/commons-logging/1.2/commons-logging-1.2.jar:/Users/kinsho/.m2/repository/com/yahoo/vespa/provided-dependencies/8.162.29/provided-dependencies-8.162.29.jar:/Users/kinsho/.m2/repository/com/fasterxml/jackson/datatype/jackson-datatype-jsr310/2.15.0/jackson-datatype-jsr310-2.15.0.jar:/Users/kinsho/.m2/repository/com/fasterxml/jackson/core/jackson-annotations/2.15.0/jackson-annotations-2.15.0.jar:/Users/kinsho/.m2/repository/com/fasterxml/jackson/core/jackson-databind/2.15.0/jackson-databind-2.15.0.jar:/Users/kinsho/.m2/repository/com/fasterxml/jackson/datatype/jackson-datatype-jdk8/2.15.0/jackson-datatype-jdk8-2.15.0.jar:/Users/kinsho/.m2/repository/com/yahoo/vespa/component/8.162.29/component-8.162.29.jar:/Users/kinsho/.m2/repository/com/yahoo/vespa/model-evaluation/8.162.29/model-evaluation-8.162.29.jar:/Users/kinsho/.m2/repository/com/yahoo/vespa/searchcore/8.162.29/searchcore-8.162.29.jar:/Users/kinsho/.m2/repository/com/yahoo/vespa/container-onnxruntime/8.162.29/container-onnxruntime-8.162.29.jar:/Users/kinsho/.m2/repository/com/yahoo/vespa/container-disc/8.162.29/container-disc-8.162.29.jar:/Users/kinsho/.m2/repository/com/yahoo/vespa/container-core/8.162.29/container-core-8.162.29.jar:/Users/kinsho/.m2/repository/com/yahoo/vespa/container-documentapi/8.162.29/container-documentapi-8.162.29.jar:/Users/kinsho/.m2/repository/com/yahoo/vespa/documentapi/8.162.29/documentapi-8.162.29.jar:/Users/kinsho/.m2/repository/com/yahoo/vespa/document/8.162.29/document-8.162.29.jar:/Users/kinsho/.m2/repository/com/yahoo/vespa/fileacquirer/8.162.29/fileacquirer-8.162.29.jar:/Users/kinsho/.m2/repository/com/yahoo/vespa/http-utils/8.162.29/http-utils-8.162.29.jar:/Users/kinsho/.m2/repository/com/yahoo/vespa/messagebus/8.162.29/messagebus-8.162.29.jar:/Users/kinsho/.m2/repository/com/yahoo/vespa/vdslib/8.162.29/vdslib-8.162.29.jar:/Users/kinsho/.m2/repository/com/yahoo/vespa/container-messagebus/8.162.29/container-messagebus-8.162.29.jar:/Users/kinsho/.m2/repository/javax/ws/rs/javax.ws.rs-api/2.0.1/javax.ws.rs-api-2.0.1.jar:/Users/kinsho/.m2/repository/com/yahoo/vespa/vespajlib/8.162.29/vespajlib-8.162.29.jar:/Users/kinsho/.m2/repository/com/yahoo/vespa/defaults/8.162.29/defaults-8.162.29.jar:/Users/kinsho/.m2/repository/com/yahoo/vespa/container-search-and-docproc/8.162.29/container-search-and-docproc-8.162.29.jar:/Users/kinsho/.m2/repository/com/yahoo/vespa/searchlib/8.162.29/searchlib-8.162.29.jar:/Users/kinsho/.m2/repository/com/yahoo/vespa/container-search/8.162.29/container-search-8.162.29.jar:/Users/kinsho/.m2/repository/com/yahoo/vespa/fsa/8.162.29/fsa-8.162.29.jar:/Users/kinsho/.m2/repository/com/yahoo/vespa/docproc/8.162.29/docproc-8.162.29.jar:/Users/kinsho/.m2/repository/com/yahoo/vespa/config-bundle/8.162.29/config-bundle-8.162.29.jar:/Users/kinsho/.m2/repository/com/yahoo/vespa/config/8.162.29/config-8.162.29.jar:/Users/kinsho/.m2/repository/com/yahoo/vespa/configgen/8.162.29/configgen-8.162.29.jar:/Users/kinsho/.m2/repository/com/yahoo/vespa/hosted-zone-api/8.162.29/hosted-zone-api-8.162.29.jar:/Users/kinsho/.m2/repository/com/yahoo/vespa/jrt/8.162.29/jrt-8.162.29.jar:/Users/kinsho/.m2/repository/com/yahoo/vespa/security-utils/8.162.29/security-utils-8.162.29.jar:/Users/kinsho/.m2/repository/com/yahoo/vespa/opennlp-linguistics/8.162.29/opennlp-linguistics-8.162.29.jar:/Users/kinsho/.m2/repository/com/yahoo/vespa/configdefinitions/8.162.29/configdefinitions-8.162.29.jar:/Users/kinsho/.m2/repository/com/yahoo/vespa/linguistics/8.162.29/linguistics-8.162.29.jar:/Users/kinsho/.m2/repository/com/yahoo/vespa/predicate-search-core/8.162.29/predicate-search-core-8.162.29.jar:/Users/kinsho/.m2/repository/com/yahoo/vespa/vespaclient-container-plugin/8.162.29/vespaclient-container-plugin-8.162.29.jar:/Users/kinsho/.m2/repository/com/yahoo/vespa/container-test/8.162.29/container-test-8.162.29.jar:/Users/kinsho/.m2/repository/com/yahoo/vespa/application/8.162.29/application-8.162.29.jar:/Users/kinsho/.m2/repository/com/yahoo/vespa/standalone-container/8.162.29/standalone-container-8.162.29.jar:/Users/kinsho/.m2/repository/com/yahoo/vespa/config-model/8.162.29/config-model-8.162.29.jar:/Users/kinsho/.m2/repository/com/google/protobuf/protobuf-java/3.21.7/protobuf-java-3.21.7.jar:/Users/kinsho/.m2/repository/com/yahoo/vespa/config-application-package/8.162.29/config-application-package-8.162.29.jar:/Users/kinsho/.m2/repository/com/thaiopensource/jing/20091111/jing-20091111.jar:/Users/kinsho/.m2/repository/com/yahoo/vespa/metrics/8.162.29/metrics-8.162.29.jar:/Users/kinsho/.m2/repository/com/yahoo/vespa/metrics-proxy/8.162.29/metrics-proxy-8.162.29.jar:/Users/kinsho/.m2/repository/io/prometheus/simpleclient/0.6.0/simpleclient-0.6.0.jar:/Users/kinsho/.m2/repository/io/prometheus/simpleclient_common/0.6.0/simpleclient_common-0.6.0.jar:/Users/kinsho/.m2/repository/com/yahoo/vespa/logd/8.162.29/logd-8.162.29.jar:/Users/kinsho/.m2/repository/com/yahoo/vespa/storage/8.162.29/storage-8.162.29.jar:/Users/kinsho/.m2/repository/com/yahoo/vespa/vsm/8.162.29/vsm-8.162.29.jar:/Users/kinsho/.m2/repository/com/yahoo/vespa/vespaclient-core/8.162.29/vespaclient-core-8.162.29.jar:/Users/kinsho/.m2/repository/com/yahoo/vespa/indexinglanguage/8.162.29/indexinglanguage-8.162.29.jar:/Users/kinsho/.m2/repository/com/yahoo/vespa/searchsummary/8.162.29/searchsummary-8.162.29.jar:/Users/kinsho/.m2/repository/com/yahoo/vespa/config-model-api/8.162.29/config-model-api-8.162.29.jar:/Users/kinsho/.m2/repository/com/yahoo/vespa/model-integration/8.162.29/model-integration-8.162.29.jar:/Users/kinsho/.m2/repository/ai/djl/huggingface/tokenizers/0.20.0/tokenizers-0.20.0.jar:/Users/kinsho/.m2/repository/ai/djl/api/0.20.0/api-0.20.0.jar:/Users/kinsho/.m2/repository/org/apache/commons/commons-compress/1.22/commons-compress-1.22.jar:/Users/kinsho/.m2/repository/org/apache/felix/org.apache.felix.framework/7.0.1/org.apache.felix.framework-7.0.1.jar:/Users/kinsho/.m2/repository/org/apache/felix/org.apache.felix.log/1.0.1/org.apache.felix.log-1.0.1.jar:/Users/kinsho/.m2/repository/org/osgi/org.osgi.core/4.1.0/org.osgi.core-4.1.0.jar:/Users/kinsho/.m2/repository/org/osgi/org.osgi.compendium/4.1.0/org.osgi.compendium-4.1.0.jar:/Users/kinsho/.m2/repository/org/apache/opennlp/opennlp-tools/1.9.3/opennlp-tools-1.9.3.jar:/Users/kinsho/.m2/repository/org/apache/commons/commons-math3/3.6.1/commons-math3-3.6.1.jar:/Users/kinsho/.m2/repository/org/bouncycastle/bcpkix-jdk18on/1.73/bcpkix-jdk18on-1.73.jar:/Users/kinsho/.m2/repository/org/bouncycastle/bcprov-jdk18on/1.73/bcprov-jdk18on-1.73.jar:/Users/kinsho/.m2/repository/org/bouncycastle/bcutil-jdk18on/1.73/bcutil-jdk18on-1.73.jar:/Users/kinsho/.m2/repository/com/yahoo/vespa/airlift-zstd/8.162.29/airlift-zstd-8.162.29.jar:/Users/kinsho/.m2/repository/com/ibm/icu/icu4j/70.1/icu4j-70.1.jar:/Users/kinsho/.m2/repository/com/microsoft/onnxruntime/onnxruntime/1.13.1/onnxruntime-1.13.1.jar:/Users/kinsho/.m2/repository/io/airlift/airline/0.9/airline-0.9.jar:/Users/kinsho/.m2/repository/javax/inject/javax.inject/1/javax.inject-1.jar:/Users/kinsho/.m2/repository/com/google/code/findbugs/jsr305/3.0.2/jsr305-3.0.2.jar:/Users/kinsho/.m2/repository/net/openhft/zero-allocation-hashing/0.16/zero-allocation-hashing-0.16.jar:/Users/kinsho/.m2/repository/org/antlr/antlr-runtime/3.5.3/antlr-runtime-3.5.3.jar:/Users/kinsho/.m2/repository/org/antlr/antlr4-runtime/4.11.1/antlr4-runtime-4.11.1.jar:/Users/kinsho/.m2/repository/net/java/dev/jna/jna/5.11.0/jna-5.11.0.jar:/Users/kinsho/.m2/repository/org/apache/commons/commons-exec/1.3/commons-exec-1.3.jar:/Users/kinsho/.m2/repository/org/hdrhistogram/HdrHistogram/2.1.12/HdrHistogram-2.1.12.jar:/Users/kinsho/.m2/repository/xerces/xercesImpl/2.12.2/xercesImpl-2.12.2.jar:/Users/kinsho/.m2/repository/xml-apis/xml-apis/1.4.01/xml-apis-1.4.01.jar:/Users/kinsho/.m2/repository/org/json/json/20230227/json-20230227.jar:/Users/kinsho/.m2/repository/org/lz4/lz4-java/1.8.0/lz4-java-1.8.0.jar:/Users/kinsho/.m2/repository/org/eclipse/jetty/http2/http2-common/11.0.15/http2-common-11.0.15.jar:/Users/kinsho/.m2/repository/org/eclipse/jetty/http2/http2-hpack/11.0.15/http2-hpack-11.0.15.jar:/Users/kinsho/.m2/repository/org/eclipse/jetty/http2/http2-server/11.0.15/http2-server-11.0.15.jar:/Users/kinsho/.m2/repository/org/eclipse/jetty/jetty-alpn-java-server/11.0.15/jetty-alpn-java-server-11.0.15.jar:/Users/kinsho/.m2/repository/org/eclipse/jetty/jetty-alpn-server/11.0.15/jetty-alpn-server-11.0.15.jar:/Users/kinsho/.m2/repository/org/eclipse/jetty/jetty-client/11.0.15/jetty-client-11.0.15.jar:/Users/kinsho/.m2/repository/org/eclipse/jetty/jetty-alpn-client/11.0.15/jetty-alpn-client-11.0.15.jar:/Users/kinsho/.m2/repository/org/eclipse/jetty/jetty-http/11.0.15/jetty-http-11.0.15.jar:/Users/kinsho/.m2/repository/org/eclipse/jetty/jetty-io/11.0.15/jetty-io-11.0.15.jar:/Users/kinsho/.m2/repository/org/eclipse/jetty/jetty-jmx/11.0.15/jetty-jmx-11.0.15.jar:/Users/kinsho/.m2/repository/org/eclipse/jetty/jetty-server/11.0.15/jetty-server-11.0.15.jar:/Users/kinsho/.m2/repository/org/eclipse/jetty/jetty-servlet/11.0.15/jetty-servlet-11.0.15.jar:/Users/kinsho/.m2/repository/org/eclipse/jetty/jetty-security/11.0.15/jetty-security-11.0.15.jar:/Users/kinsho/.m2/repository/org/eclipse/jetty/jetty-util/11.0.15/jetty-util-11.0.15.jar:/Users/kinsho/.m2/repository/org/eclipse/jetty/toolchain/jetty-jakarta-servlet-api/5.0.2/jetty-jakarta-servlet-api-5.0.2.jar:/Users/kinsho/.m2/repository/com/yahoo/vespa/tenant-cd-api/8.162.29/tenant-cd-api-8.162.29.jar:/Users/kinsho/.m2/repository/org/junit/jupiter/junit-jupiter-api/5.8.1/junit-jupiter-api-5.8.1.jar:/Users/kinsho/.m2/repository/org/opentest4j/opentest4j/1.2.0/opentest4j-1.2.0.jar:/Users/kinsho/.m2/repository/org/apiguardian/apiguardian-api/1.1.2/apiguardian-api-1.1.2.jar:/Users/kinsho/.m2/repository/org/junit/platform/junit-platform-commons/1.8.1/junit-platform-commons-1.8.1.jar:/Users/kinsho/.m2/repository/com/yahoo/vespa/vespa-feed-client-api/8.162.29/vespa-feed-client-api-8.162.29.jar:/Users/kinsho/.m2/repository/com/fasterxml/jackson/core/jackson-core/2.15.0/jackson-core-2.15.0.jar:/Users/kinsho/.m2/repository/com/yahoo/vespa/container-apache-http-client-bundle/8.162.29/container-apache-http-client-bundle-8.162.29.jar:/Users/kinsho/.m2/repository/org/apache/httpcomponents/httpclient/4.5.14/httpclient-4.5.14.jar:/Users/kinsho/.m2/repository/org/apache/httpcomponents/httpcore/4.4.16/httpcore-4.4.16.jar:/Users/kinsho/.m2/repository/org/apache/httpcomponents/httpmime/4.5.14/httpmime-4.5.14.jar:/Users/kinsho/.m2/repository/commons-codec/commons-codec/1.15/commons-codec-1.15.jar:/Users/kinsho/.m2/repository/org/apache/httpcomponents/core5/httpcore5/5.2.1/httpcore5-5.2.1.jar:/Users/kinsho/.m2/repository/org/apache/httpcomponents/core5/httpcore5-h2/5.2.1/httpcore5-h2-5.2.1.jar:/Users/kinsho/.m2/repository/org/apache/httpcomponents/client5/httpclient5/5.2.1/httpclient5-5.2.1.jar:/Users/kinsho/.m2/repository/org/junit/jupiter/junit-jupiter-engine/5.8.1/junit-jupiter-engine-5.8.1.jar:/Users/kinsho/.m2/repository/org/junit/platform/junit-platform-engine/1.8.1/junit-platform-engine-1.8.1.jar:/Users/kinsho/.m2/repository/org/junit/vintage/junit-vintage-engine/5.8.1/junit-vintage-engine-5.8.1.jar:/Users/kinsho/.m2/repository/junit/junit/4.13.2/junit-4.13.2.jar:/Users/kinsho/.m2/repository/org/hamcrest/hamcrest-core/1.3/hamcrest-core-1.3.jar:"/>
    <property name="java.vm.vendor" value="Oracle Corporation"/>
    <property name="sun.arch.data.model" value="64"/>
    <property name="java.vendor.url" value="https://java.oracle.com/"/>
    <property name="dataPlaneCertificateFile" value=""/>
    <property name="os.name" value="Mac OS X"/>
    <property name="java.vm.specification.version" value="17"/>
    <property name="sun.java.launcher" value="SUN_STANDARD"/>
    <property name="user.country" value="JP"/>
    <property name="tenant" value=""/>
    <property name="sun.boot.library.path" value="/Library/Java/JavaVirtualMachines/jdk-17.jdk/Contents/Home/lib"/>
    <property name="sun.java.command" value="/Users/kinsho/workspace/vespa/news/app-6-recommendation-with-searchers/target/surefire/surefirebooter7714432987408744894.jar /Users/kinsho/workspace/vespa/news/app-6-recommendation-with-searchers/target/surefire 2023-05-16T12-24-45_679-jvmRun1 surefire16533310191615058601tmp surefire_06304377706274679796tmp"/>
    <property name="dataPlaneKeyFile" value=""/>
    <property name="jdk.debug" value="release"/>
    <property name="surefire.test.class.path" value="/Users/kinsho/workspace/vespa/news/app-6-recommendation-with-searchers/target/test-classes:/Users/kinsho/workspace/vespa/news/app-6-recommendation-with-searchers/target/classes:/Users/kinsho/.m2/repository/com/yahoo/vespa/cloud-tenant-cd/8.162.29/cloud-tenant-cd-8.162.29.jar:/Users/kinsho/.m2/repository/com/yahoo/vespa/hosted-api/8.162.29/hosted-api-8.162.29.jar:/Users/kinsho/.m2/repository/com/yahoo/vespa/config-provisioning/8.162.29/config-provisioning-8.162.29.jar:/Users/kinsho/.m2/repository/com/yahoo/vespa/tenant-cd-commons/8.162.29/tenant-cd-commons-8.162.29.jar:/Users/kinsho/.m2/repository/com/yahoo/vespa/vespa-feed-client/8.162.29/vespa-feed-client-8.162.29.jar:/Users/kinsho/.m2/repository/com/yahoo/vespa/annotations/8.162.29/annotations-8.162.29.jar:/Users/kinsho/.m2/repository/com/yahoo/vespa/container/8.162.29/container-8.162.29.jar:/Users/kinsho/.m2/repository/com/yahoo/vespa/container-dev/8.162.29/container-dev-8.162.29.jar:/Users/kinsho/.m2/repository/com/yahoo/vespa/jdisc_core/8.162.29/jdisc_core-8.162.29.jar:/Users/kinsho/.m2/repository/javax/xml/bind/jaxb-api/2.3.0/jaxb-api-2.3.0.jar:/Users/kinsho/.m2/repository/com/sun/xml/bind/jaxb-core/2.3.0/jaxb-core-2.3.0.jar:/Users/kinsho/.m2/repository/com/sun/xml/bind/jaxb-impl/2.3.0/jaxb-impl-2.3.0.jar:/Users/kinsho/.m2/repository/com/sun/activation/javax.activation/1.2.0/javax.activation-1.2.0.jar:/Users/kinsho/.m2/repository/aopalliance/aopalliance/1.0/aopalliance-1.0.jar:/Users/kinsho/.m2/repository/org/slf4j/slf4j-api/1.7.32/slf4j-api-1.7.32.jar:/Users/kinsho/.m2/repository/org/slf4j/jcl-over-slf4j/1.7.32/jcl-over-slf4j-1.7.32.jar:/Users/kinsho/.m2/repository/org/slf4j/log4j-over-slf4j/1.7.32/log4j-over-slf4j-1.7.32.jar:/Users/kinsho/.m2/repository/org/slf4j/slf4j-jdk14/1.7.32/slf4j-jdk14-1.7.32.jar:/Users/kinsho/.m2/repository/com/yahoo/vespa/vespalog/8.162.29/vespalog-8.162.29.jar:/Users/kinsho/.m2/repository/com/yahoo/vespa/config-lib/8.162.29/config-lib-8.162.29.jar:/Users/kinsho/.m2/repository/com/google/guava/guava/27.1-jre/guava-27.1-jre.jar:/Users/kinsho/.m2/repository/com/google/guava/failureaccess/1.0.1/failureaccess-1.0.1.jar:/Users/kinsho/.m2/repository/com/google/errorprone/error_prone_annotations/2.18.0/error_prone_annotations-2.18.0.jar:/Users/kinsho/.m2/repository/com/google/j2objc/j2objc-annotations/1.1/j2objc-annotations-1.1.jar:/Users/kinsho/.m2/repository/javax/servlet/javax.servlet-api/3.1.0/javax.servlet-api-3.1.0.jar:/Users/kinsho/.m2/repository/com/google/inject/guice/4.2.3/guice-4.2.3-no_aop.jar:/Users/kinsho/.m2/repository/commons-logging/commons-logging/1.2/commons-logging-1.2.jar:/Users/kinsho/.m2/repository/com/yahoo/vespa/provided-dependencies/8.162.29/provided-dependencies-8.162.29.jar:/Users/kinsho/.m2/repository/com/fasterxml/jackson/datatype/jackson-datatype-jsr310/2.15.0/jackson-datatype-jsr310-2.15.0.jar:/Users/kinsho/.m2/repository/com/fasterxml/jackson/core/jackson-annotations/2.15.0/jackson-annotations-2.15.0.jar:/Users/kinsho/.m2/repository/com/fasterxml/jackson/core/jackson-databind/2.15.0/jackson-databind-2.15.0.jar:/Users/kinsho/.m2/repository/com/fasterxml/jackson/datatype/jackson-datatype-jdk8/2.15.0/jackson-datatype-jdk8-2.15.0.jar:/Users/kinsho/.m2/repository/com/yahoo/vespa/component/8.162.29/component-8.162.29.jar:/Users/kinsho/.m2/repository/com/yahoo/vespa/model-evaluation/8.162.29/model-evaluation-8.162.29.jar:/Users/kinsho/.m2/repository/com/yahoo/vespa/searchcore/8.162.29/searchcore-8.162.29.jar:/Users/kinsho/.m2/repository/com/yahoo/vespa/container-onnxruntime/8.162.29/container-onnxruntime-8.162.29.jar:/Users/kinsho/.m2/repository/com/yahoo/vespa/container-disc/8.162.29/container-disc-8.162.29.jar:/Users/kinsho/.m2/repository/com/yahoo/vespa/container-core/8.162.29/container-core-8.162.29.jar:/Users/kinsho/.m2/repository/com/yahoo/vespa/container-documentapi/8.162.29/container-documentapi-8.162.29.jar:/Users/kinsho/.m2/repository/com/yahoo/vespa/documentapi/8.162.29/documentapi-8.162.29.jar:/Users/kinsho/.m2/repository/com/yahoo/vespa/document/8.162.29/document-8.162.29.jar:/Users/kinsho/.m2/repository/com/yahoo/vespa/fileacquirer/8.162.29/fileacquirer-8.162.29.jar:/Users/kinsho/.m2/repository/com/yahoo/vespa/http-utils/8.162.29/http-utils-8.162.29.jar:/Users/kinsho/.m2/repository/com/yahoo/vespa/messagebus/8.162.29/messagebus-8.162.29.jar:/Users/kinsho/.m2/repository/com/yahoo/vespa/vdslib/8.162.29/vdslib-8.162.29.jar:/Users/kinsho/.m2/repository/com/yahoo/vespa/container-messagebus/8.162.29/container-messagebus-8.162.29.jar:/Users/kinsho/.m2/repository/javax/ws/rs/javax.ws.rs-api/2.0.1/javax.ws.rs-api-2.0.1.jar:/Users/kinsho/.m2/repository/com/yahoo/vespa/vespajlib/8.162.29/vespajlib-8.162.29.jar:/Users/kinsho/.m2/repository/com/yahoo/vespa/defaults/8.162.29/defaults-8.162.29.jar:/Users/kinsho/.m2/repository/com/yahoo/vespa/container-search-and-docproc/8.162.29/container-search-and-docproc-8.162.29.jar:/Users/kinsho/.m2/repository/com/yahoo/vespa/searchlib/8.162.29/searchlib-8.162.29.jar:/Users/kinsho/.m2/repository/com/yahoo/vespa/container-search/8.162.29/container-search-8.162.29.jar:/Users/kinsho/.m2/repository/com/yahoo/vespa/fsa/8.162.29/fsa-8.162.29.jar:/Users/kinsho/.m2/repository/com/yahoo/vespa/docproc/8.162.29/docproc-8.162.29.jar:/Users/kinsho/.m2/repository/com/yahoo/vespa/config-bundle/8.162.29/config-bundle-8.162.29.jar:/Users/kinsho/.m2/repository/com/yahoo/vespa/config/8.162.29/config-8.162.29.jar:/Users/kinsho/.m2/repository/com/yahoo/vespa/configgen/8.162.29/configgen-8.162.29.jar:/Users/kinsho/.m2/repository/com/yahoo/vespa/hosted-zone-api/8.162.29/hosted-zone-api-8.162.29.jar:/Users/kinsho/.m2/repository/com/yahoo/vespa/jrt/8.162.29/jrt-8.162.29.jar:/Users/kinsho/.m2/repository/com/yahoo/vespa/security-utils/8.162.29/security-utils-8.162.29.jar:/Users/kinsho/.m2/repository/com/yahoo/vespa/opennlp-linguistics/8.162.29/opennlp-linguistics-8.162.29.jar:/Users/kinsho/.m2/repository/com/yahoo/vespa/configdefinitions/8.162.29/configdefinitions-8.162.29.jar:/Users/kinsho/.m2/repository/com/yahoo/vespa/linguistics/8.162.29/linguistics-8.162.29.jar:/Users/kinsho/.m2/repository/com/yahoo/vespa/predicate-search-core/8.162.29/predicate-search-core-8.162.29.jar:/Users/kinsho/.m2/repository/com/yahoo/vespa/vespaclient-container-plugin/8.162.29/vespaclient-container-plugin-8.162.29.jar:/Users/kinsho/.m2/repository/com/yahoo/vespa/container-test/8.162.29/container-test-8.162.29.jar:/Users/kinsho/.m2/repository/com/yahoo/vespa/application/8.162.29/application-8.162.29.jar:/Users/kinsho/.m2/repository/com/yahoo/vespa/standalone-container/8.162.29/standalone-container-8.162.29.jar:/Users/kinsho/.m2/repository/com/yahoo/vespa/config-model/8.162.29/config-model-8.162.29.jar:/Users/kinsho/.m2/repository/com/google/protobuf/protobuf-java/3.21.7/protobuf-java-3.21.7.jar:/Users/kinsho/.m2/repository/com/yahoo/vespa/config-application-package/8.162.29/config-application-package-8.162.29.jar:/Users/kinsho/.m2/repository/com/thaiopensource/jing/20091111/jing-20091111.jar:/Users/kinsho/.m2/repository/com/yahoo/vespa/metrics/8.162.29/metrics-8.162.29.jar:/Users/kinsho/.m2/repository/com/yahoo/vespa/metrics-proxy/8.162.29/metrics-proxy-8.162.29.jar:/Users/kinsho/.m2/repository/io/prometheus/simpleclient/0.6.0/simpleclient-0.6.0.jar:/Users/kinsho/.m2/repository/io/prometheus/simpleclient_common/0.6.0/simpleclient_common-0.6.0.jar:/Users/kinsho/.m2/repository/com/yahoo/vespa/logd/8.162.29/logd-8.162.29.jar:/Users/kinsho/.m2/repository/com/yahoo/vespa/storage/8.162.29/storage-8.162.29.jar:/Users/kinsho/.m2/repository/com/yahoo/vespa/vsm/8.162.29/vsm-8.162.29.jar:/Users/kinsho/.m2/repository/com/yahoo/vespa/vespaclient-core/8.162.29/vespaclient-core-8.162.29.jar:/Users/kinsho/.m2/repository/com/yahoo/vespa/indexinglanguage/8.162.29/indexinglanguage-8.162.29.jar:/Users/kinsho/.m2/repository/com/yahoo/vespa/searchsummary/8.162.29/searchsummary-8.162.29.jar:/Users/kinsho/.m2/repository/com/yahoo/vespa/config-model-api/8.162.29/config-model-api-8.162.29.jar:/Users/kinsho/.m2/repository/com/yahoo/vespa/model-integration/8.162.29/model-integration-8.162.29.jar:/Users/kinsho/.m2/repository/ai/djl/huggingface/tokenizers/0.20.0/tokenizers-0.20.0.jar:/Users/kinsho/.m2/repository/ai/djl/api/0.20.0/api-0.20.0.jar:/Users/kinsho/.m2/repository/org/apache/commons/commons-compress/1.22/commons-compress-1.22.jar:/Users/kinsho/.m2/repository/org/apache/felix/org.apache.felix.framework/7.0.1/org.apache.felix.framework-7.0.1.jar:/Users/kinsho/.m2/repository/org/apache/felix/org.apache.felix.log/1.0.1/org.apache.felix.log-1.0.1.jar:/Users/kinsho/.m2/repository/org/osgi/org.osgi.core/4.1.0/org.osgi.core-4.1.0.jar:/Users/kinsho/.m2/repository/org/osgi/org.osgi.compendium/4.1.0/org.osgi.compendium-4.1.0.jar:/Users/kinsho/.m2/repository/org/apache/opennlp/opennlp-tools/1.9.3/opennlp-tools-1.9.3.jar:/Users/kinsho/.m2/repository/org/apache/commons/commons-math3/3.6.1/commons-math3-3.6.1.jar:/Users/kinsho/.m2/repository/org/bouncycastle/bcpkix-jdk18on/1.73/bcpkix-jdk18on-1.73.jar:/Users/kinsho/.m2/repository/org/bouncycastle/bcprov-jdk18on/1.73/bcprov-jdk18on-1.73.jar:/Users/kinsho/.m2/repository/org/bouncycastle/bcutil-jdk18on/1.73/bcutil-jdk18on-1.73.jar:/Users/kinsho/.m2/repository/com/yahoo/vespa/airlift-zstd/8.162.29/airlift-zstd-8.162.29.jar:/Users/kinsho/.m2/repository/com/ibm/icu/icu4j/70.1/icu4j-70.1.jar:/Users/kinsho/.m2/repository/com/microsoft/onnxruntime/onnxruntime/1.13.1/onnxruntime-1.13.1.jar:/Users/kinsho/.m2/repository/io/airlift/airline/0.9/airline-0.9.jar:/Users/kinsho/.m2/repository/javax/inject/javax.inject/1/javax.inject-1.jar:/Users/kinsho/.m2/repository/com/google/code/findbugs/jsr305/3.0.2/jsr305-3.0.2.jar:/Users/kinsho/.m2/repository/net/openhft/zero-allocation-hashing/0.16/zero-allocation-hashing-0.16.jar:/Users/kinsho/.m2/repository/org/antlr/antlr-runtime/3.5.3/antlr-runtime-3.5.3.jar:/Users/kinsho/.m2/repository/org/antlr/antlr4-runtime/4.11.1/antlr4-runtime-4.11.1.jar:/Users/kinsho/.m2/repository/net/java/dev/jna/jna/5.11.0/jna-5.11.0.jar:/Users/kinsho/.m2/repository/org/apache/commons/commons-exec/1.3/commons-exec-1.3.jar:/Users/kinsho/.m2/repository/org/hdrhistogram/HdrHistogram/2.1.12/HdrHistogram-2.1.12.jar:/Users/kinsho/.m2/repository/xerces/xercesImpl/2.12.2/xercesImpl-2.12.2.jar:/Users/kinsho/.m2/repository/xml-apis/xml-apis/1.4.01/xml-apis-1.4.01.jar:/Users/kinsho/.m2/repository/org/json/json/20230227/json-20230227.jar:/Users/kinsho/.m2/repository/org/lz4/lz4-java/1.8.0/lz4-java-1.8.0.jar:/Users/kinsho/.m2/repository/org/eclipse/jetty/http2/http2-common/11.0.15/http2-common-11.0.15.jar:/Users/kinsho/.m2/repository/org/eclipse/jetty/http2/http2-hpack/11.0.15/http2-hpack-11.0.15.jar:/Users/kinsho/.m2/repository/org/eclipse/jetty/http2/http2-server/11.0.15/http2-server-11.0.15.jar:/Users/kinsho/.m2/repository/org/eclipse/jetty/jetty-alpn-java-server/11.0.15/jetty-alpn-java-server-11.0.15.jar:/Users/kinsho/.m2/repository/org/eclipse/jetty/jetty-alpn-server/11.0.15/jetty-alpn-server-11.0.15.jar:/Users/kinsho/.m2/repository/org/eclipse/jetty/jetty-client/11.0.15/jetty-client-11.0.15.jar:/Users/kinsho/.m2/repository/org/eclipse/jetty/jetty-alpn-client/11.0.15/jetty-alpn-client-11.0.15.jar:/Users/kinsho/.m2/repository/org/eclipse/jetty/jetty-http/11.0.15/jetty-http-11.0.15.jar:/Users/kinsho/.m2/repository/org/eclipse/jetty/jetty-io/11.0.15/jetty-io-11.0.15.jar:/Users/kinsho/.m2/repository/org/eclipse/jetty/jetty-jmx/11.0.15/jetty-jmx-11.0.15.jar:/Users/kinsho/.m2/repository/org/eclipse/jetty/jetty-server/11.0.15/jetty-server-11.0.15.jar:/Users/kinsho/.m2/repository/org/eclipse/jetty/jetty-servlet/11.0.15/jetty-servlet-11.0.15.jar:/Users/kinsho/.m2/repository/org/eclipse/jetty/jetty-security/11.0.15/jetty-security-11.0.15.jar:/Users/kinsho/.m2/repository/org/eclipse/jetty/jetty-util/11.0.15/jetty-util-11.0.15.jar:/Users/kinsho/.m2/repository/org/eclipse/jetty/toolchain/jetty-jakarta-servlet-api/5.0.2/jetty-jakarta-servlet-api-5.0.2.jar:/Users/kinsho/.m2/repository/com/yahoo/vespa/tenant-cd-api/8.162.29/tenant-cd-api-8.162.29.jar:/Users/kinsho/.m2/repository/org/junit/jupiter/junit-jupiter-api/5.8.1/junit-jupiter-api-5.8.1.jar:/Users/kinsho/.m2/repository/org/opentest4j/opentest4j/1.2.0/opentest4j-1.2.0.jar:/Users/kinsho/.m2/repository/org/apiguardian/apiguardian-api/1.1.2/apiguardian-api-1.1.2.jar:/Users/kinsho/.m2/repository/org/junit/platform/junit-platform-commons/1.8.1/junit-platform-commons-1.8.1.jar:/Users/kinsho/.m2/repository/com/yahoo/vespa/vespa-feed-client-api/8.162.29/vespa-feed-client-api-8.162.29.jar:/Users/kinsho/.m2/repository/com/fasterxml/jackson/core/jackson-core/2.15.0/jackson-core-2.15.0.jar:/Users/kinsho/.m2/repository/com/yahoo/vespa/container-apache-http-client-bundle/8.162.29/container-apache-http-client-bundle-8.162.29.jar:/Users/kinsho/.m2/repository/org/apache/httpcomponents/httpclient/4.5.14/httpclient-4.5.14.jar:/Users/kinsho/.m2/repository/org/apache/httpcomponents/httpcore/4.4.16/httpcore-4.4.16.jar:/Users/kinsho/.m2/repository/org/apache/httpcomponents/httpmime/4.5.14/httpmime-4.5.14.jar:/Users/kinsho/.m2/repository/commons-codec/commons-codec/1.15/commons-codec-1.15.jar:/Users/kinsho/.m2/repository/org/apache/httpcomponents/core5/httpcore5/5.2.1/httpcore5-5.2.1.jar:/Users/kinsho/.m2/repository/org/apache/httpcomponents/core5/httpcore5-h2/5.2.1/httpcore5-h2-5.2.1.jar:/Users/kinsho/.m2/repository/org/apache/httpcomponents/client5/httpclient5/5.2.1/httpclient5-5.2.1.jar:/Users/kinsho/.m2/repository/org/junit/jupiter/junit-jupiter-engine/5.8.1/junit-jupiter-engine-5.8.1.jar:/Users/kinsho/.m2/repository/org/junit/platform/junit-platform-engine/1.8.1/junit-platform-engine-1.8.1.jar:/Users/kinsho/.m2/repository/org/junit/vintage/junit-vintage-engine/5.8.1/junit-vintage-engine-5.8.1.jar:/Users/kinsho/.m2/repository/junit/junit/4.13.2/junit-4.13.2.jar:/Users/kinsho/.m2/repository/org/hamcrest/hamcrest-core/1.3/hamcrest-core-1.3.jar:"/>
    <property name="sun.cpu.endian" value="little"/>
    <property name="user.home" value="/Users/kinsho"/>
    <property name="user.language" value="ja"/>
    <property name="java.specification.vendor" value="Oracle Corporation"/>
    <property name="java.version.date" value="2021-09-14"/>
    <property name="java.home" value="/Library/Java/JavaVirtualMachines/jdk-17.jdk/Contents/Home"/>
    <property name="file.separator" value="/"/>
    <property name="basedir" value="/Users/kinsho/workspace/vespa/news/app-6-recommendation-with-searchers"/>
    <property name="java.vm.compressedOopsMode" value="Zero based"/>
    <property name="line.separator" value="&#10;"/>
    <property name="java.specification.name" value="Java Platform API Specification"/>
    <property name="java.vm.specification.vendor" value="Oracle Corporation"/>
    <property name="apiKeyFile" value=""/>
    <property name="region" value=""/>
    <property name="surefire.real.class.path" value="/Users/kinsho/workspace/vespa/news/app-6-recommendation-with-searchers/target/surefire/surefirebooter7714432987408744894.jar"/>
    <property name="sun.management.compiler" value="HotSpot 64-Bit Tiered Compilers"/>
    <property name="java.runtime.version" value="17+35-2724"/>
    <property name="user.name" value="kinsho"/>
    <property name="path.separator" value=":"/>
    <property name="os.version" value="11.7"/>
    <property name="java.runtime.name" value="OpenJDK Runtime Environment"/>
    <property name="endpoint" value="https://api-ctl.vespa-cloud.com:4443"/>
    <property name="file.encoding" value="UTF-8"/>
    <property name="java.vm.name" value="OpenJDK 64-Bit Server VM"/>
    <property name="localRepository" value="/Users/kinsho/.m2/repository"/>
    <property name="java.vendor.url.bug" value="https://bugreport.java.com/bugreport/"/>
    <property name="java.io.tmpdir" value="/var/folders/tm/7v5m6cg144g467bsj7zgsxgc0000gn/T/"/>
    <property name="java.version" value="17"/>
    <property name="user.dir" value="/Users/kinsho/workspace/vespa/news/app-6-recommendation-with-searchers"/>
    <property name="os.arch" value="x86_64"/>
    <property name="java.vm.specification.name" value="Java Virtual Machine Specification"/>
    <property name="native.encoding" value="UTF-8"/>
    <property name="environment" value=""/>
    <property name="java.library.path" value="/Users/kinsho/Library/Java/Extensions:/Library/Java/Extensions:/Network/Library/Java/Extensions:/System/Library/Java/Extensions:/usr/lib/java:."/>
    <property name="java.vm.info" value="mixed mode, sharing"/>
    <property name="java.vendor" value="Oracle Corporation"/>
    <property name="application" value=""/>
    <property name="java.vm.version" value="17+35-2724"/>
    <property name="sun.io.unicode.encoding" value="UnicodeBig"/>
    <property name="java.class.version" value="61.0"/>
    <property name="apiCertificateFile" value=""/>
  </properties>
  <testcase name="testBasics" classname="ai.vespa.example.SimpleSearcherTestCase" time="0.311"/>
</testsuite>